Start testing: Jan 18 15:47 IST
----------------------------------------------------------
1/7 Testing: CalcTests.isValidInputFormat_ValidInput
1/7 Test: CalcTests.isValidInputFormat_ValidInput
Command: "/mnt/c/Users/shaha/Desktop/part1-progect1/build/CalcTests" "--gtest_filter=CalcTests.isValidInputFormat_ValidInput" "--gtest_also_run_disabled_tests"
Directory: /mnt/c/Users/shaha/Desktop/part1-progect1/build
"CalcTests.isValidInputFormat_ValidInput" start time: Jan 18 15:47 IST
Output:
----------------------------------------------------------
Note: Google Test filter = CalcTests.isValidInputFormat_ValidInput
[==========] Running 1 test from 1 test suite.
[----------] Global test environment set-up.
[----------] 1 test from CalcTests
[ RUN      ] CalcTests.isValidInputFormat_ValidInput
[       OK ] CalcTests.isValidInputFormat_ValidInput (0 ms)
[----------] 1 test from CalcTests (0 ms total)

[----------] Global test environment tear-down
[==========] 1 test from 1 test suite ran. (0 ms total)
[  PASSED  ] 1 test.
<end of output>
Test time =   0.01 sec
----------------------------------------------------------
Test Passed.
"CalcTests.isValidInputFormat_ValidInput" end time: Jan 18 15:47 IST
"CalcTests.isValidInputFormat_ValidInput" time elapsed: 00:00:00
----------------------------------------------------------

2/7 Testing: CalcTests.isValidInputFormat_ValidInput_HashFunction1
2/7 Test: CalcTests.isValidInputFormat_ValidInput_HashFunction1
Command: "/mnt/c/Users/shaha/Desktop/part1-progect1/build/CalcTests" "--gtest_filter=CalcTests.isValidInputFormat_ValidInput_HashFunction1" "--gtest_also_run_disabled_tests"
Directory: /mnt/c/Users/shaha/Desktop/part1-progect1/build
"CalcTests.isValidInputFormat_ValidInput_HashFunction1" start time: Jan 18 15:47 IST
Output:
----------------------------------------------------------
Note: Google Test filter = CalcTests.isValidInputFormat_ValidInput_HashFunction1
[==========] Running 1 test from 1 test suite.
[----------] Global test environment set-up.
[----------] 1 test from CalcTests
[ RUN      ] CalcTests.isValidInputFormat_ValidInput_HashFunction1
[       OK ] CalcTests.isValidInputFormat_ValidInput_HashFunction1 (0 ms)
[----------] 1 test from CalcTests (0 ms total)

[----------] Global test environment tear-down
[==========] 1 test from 1 test suite ran. (0 ms total)
[  PASSED  ] 1 test.
<end of output>
Test time =   0.01 sec
----------------------------------------------------------
Test Passed.
"CalcTests.isValidInputFormat_ValidInput_HashFunction1" end time: Jan 18 15:47 IST
"CalcTests.isValidInputFormat_ValidInput_HashFunction1" time elapsed: 00:00:00
----------------------------------------------------------

3/7 Testing: CalcTests.isValidInputFormat_ValidInput_HashFunction2
3/7 Test: CalcTests.isValidInputFormat_ValidInput_HashFunction2
Command: "/mnt/c/Users/shaha/Desktop/part1-progect1/build/CalcTests" "--gtest_filter=CalcTests.isValidInputFormat_ValidInput_HashFunction2" "--gtest_also_run_disabled_tests"
Directory: /mnt/c/Users/shaha/Desktop/part1-progect1/build
"CalcTests.isValidInputFormat_ValidInput_HashFunction2" start time: Jan 18 15:47 IST
Output:
----------------------------------------------------------
Note: Google Test filter = CalcTests.isValidInputFormat_ValidInput_HashFunction2
[==========] Running 1 test from 1 test suite.
[----------] Global test environment set-up.
[----------] 1 test from CalcTests
[ RUN      ] CalcTests.isValidInputFormat_ValidInput_HashFunction2
[       OK ] CalcTests.isValidInputFormat_ValidInput_HashFunction2 (0 ms)
[----------] 1 test from CalcTests (0 ms total)

[----------] Global test environment tear-down
[==========] 1 test from 1 test suite ran. (0 ms total)
[  PASSED  ] 1 test.
<end of output>
Test time =   0.01 sec
----------------------------------------------------------
Test Passed.
"CalcTests.isValidInputFormat_ValidInput_HashFunction2" end time: Jan 18 15:47 IST
"CalcTests.isValidInputFormat_ValidInput_HashFunction2" time elapsed: 00:00:00
----------------------------------------------------------

4/7 Testing: CalcTests.isValidInputFormat_ValidInput_HashFunctions1And2
4/7 Test: CalcTests.isValidInputFormat_ValidInput_HashFunctions1And2
Command: "/mnt/c/Users/shaha/Desktop/part1-progect1/build/CalcTests" "--gtest_filter=CalcTests.isValidInputFormat_ValidInput_HashFunctions1And2" "--gtest_also_run_disabled_tests"
Directory: /mnt/c/Users/shaha/Desktop/part1-progect1/build
"CalcTests.isValidInputFormat_ValidInput_HashFunctions1And2" start time: Jan 18 15:47 IST
Output:
----------------------------------------------------------
Note: Google Test filter = CalcTests.isValidInputFormat_ValidInput_HashFunctions1And2
[==========] Running 1 test from 1 test suite.
[----------] Global test environment set-up.
[----------] 1 test from CalcTests
[ RUN      ] CalcTests.isValidInputFormat_ValidInput_HashFunctions1And2
[       OK ] CalcTests.isValidInputFormat_ValidInput_HashFunctions1And2 (0 ms)
[----------] 1 test from CalcTests (0 ms total)

[----------] Global test environment tear-down
[==========] 1 test from 1 test suite ran. (0 ms total)
[  PASSED  ] 1 test.
<end of output>
Test time =   0.01 sec
----------------------------------------------------------
Test Passed.
"CalcTests.isValidInputFormat_ValidInput_HashFunctions1And2" end time: Jan 18 15:47 IST
"CalcTests.isValidInputFormat_ValidInput_HashFunctions1And2" time elapsed: 00:00:00
----------------------------------------------------------

5/7 Testing: CalcTests.isValidInputFormat_ValidInput_HashFunctions2And1
5/7 Test: CalcTests.isValidInputFormat_ValidInput_HashFunctions2And1
Command: "/mnt/c/Users/shaha/Desktop/part1-progect1/build/CalcTests" "--gtest_filter=CalcTests.isValidInputFormat_ValidInput_HashFunctions2And1" "--gtest_also_run_disabled_tests"
Directory: /mnt/c/Users/shaha/Desktop/part1-progect1/build
"CalcTests.isValidInputFormat_ValidInput_HashFunctions2And1" start time: Jan 18 15:47 IST
Output:
----------------------------------------------------------
Note: Google Test filter = CalcTests.isValidInputFormat_ValidInput_HashFunctions2And1
[==========] Running 1 test from 1 test suite.
[----------] Global test environment set-up.
[----------] 1 test from CalcTests
[ RUN      ] CalcTests.isValidInputFormat_ValidInput_HashFunctions2And1
[       OK ] CalcTests.isValidInputFormat_ValidInput_HashFunctions2And1 (0 ms)
[----------] 1 test from CalcTests (0 ms total)

[----------] Global test environment tear-down
[==========] 1 test from 1 test suite ran. (0 ms total)
[  PASSED  ] 1 test.
<end of output>
Test time =   0.01 sec
----------------------------------------------------------
Test Passed.
"CalcTests.isValidInputFormat_ValidInput_HashFunctions2And1" end time: Jan 18 15:47 IST
"CalcTests.isValidInputFormat_ValidInput_HashFunctions2And1" time elapsed: 00:00:00
----------------------------------------------------------

6/7 Testing: CalcTests.isValidInputFormat_InvalidInput_HashFunction1
6/7 Test: CalcTests.isValidInputFormat_InvalidInput_HashFunction1
Command: "/mnt/c/Users/shaha/Desktop/part1-progect1/build/CalcTests" "--gtest_filter=CalcTests.isValidInputFormat_InvalidInput_HashFunction1" "--gtest_also_run_disabled_tests"
Directory: /mnt/c/Users/shaha/Desktop/part1-progect1/build
"CalcTests.isValidInputFormat_InvalidInput_HashFunction1" start time: Jan 18 15:47 IST
Output:
----------------------------------------------------------
Note: Google Test filter = CalcTests.isValidInputFormat_InvalidInput_HashFunction1
[==========] Running 1 test from 1 test suite.
[----------] Global test environment set-up.
[----------] 1 test from CalcTests
[ RUN      ] CalcTests.isValidInputFormat_InvalidInput_HashFunction1
[       OK ] CalcTests.isValidInputFormat_InvalidInput_HashFunction1 (0 ms)
[----------] 1 test from CalcTests (0 ms total)

[----------] Global test environment tear-down
[==========] 1 test from 1 test suite ran. (0 ms total)
[  PASSED  ] 1 test.
<end of output>
Test time =   0.01 sec
----------------------------------------------------------
Test Passed.
"CalcTests.isValidInputFormat_InvalidInput_HashFunction1" end time: Jan 18 15:47 IST
"CalcTests.isValidInputFormat_InvalidInput_HashFunction1" time elapsed: 00:00:00
----------------------------------------------------------

7/7 Testing: CalcTests.isValidInputFormat_InvalidInput_HashFunction11
7/7 Test: CalcTests.isValidInputFormat_InvalidInput_HashFunction11
Command: "/mnt/c/Users/shaha/Desktop/part1-progect1/build/CalcTests" "--gtest_filter=CalcTests.isValidInputFormat_InvalidInput_HashFunction11" "--gtest_also_run_disabled_tests"
Directory: /mnt/c/Users/shaha/Desktop/part1-progect1/build
"CalcTests.isValidInputFormat_InvalidInput_HashFunction11" start time: Jan 18 15:47 IST
Output:
----------------------------------------------------------
Note: Google Test filter = CalcTests.isValidInputFormat_InvalidInput_HashFunction11
[==========] Running 1 test from 1 test suite.
[----------] Global test environment set-up.
[----------] 1 test from CalcTests
[ RUN      ] CalcTests.isValidInputFormat_InvalidInput_HashFunction11
[       OK ] CalcTests.isValidInputFormat_InvalidInput_HashFunction11 (0 ms)
[----------] 1 test from CalcTests (0 ms total)

[----------] Global test environment tear-down
[==========] 1 test from 1 test suite ran. (0 ms total)
[  PASSED  ] 1 test.
<end of output>
Test time =   0.01 sec
----------------------------------------------------------
Test Passed.
"CalcTests.isValidInputFormat_InvalidInput_HashFunction11" end time: Jan 18 15:47 IST
"CalcTests.isValidInputFormat_InvalidInput_HashFunction11" time elapsed: 00:00:00
----------------------------------------------------------

End testing: Jan 18 15:47 IST
