Start testing: Jan 16 14:41 IST
----------------------------------------------------------
1/1 Testing: SumTest.BasicTest
1/1 Test: SumTest.BasicTest
Command: "/mnt/c/Users/Yael/OneDrive/שנה ג סמסטר א/תכנות מתקדם/project1/part1-progect1/build/CalcTests" "--gtest_filter=SumTest.BasicTest" "--gtest_also_run_disabled_tests"
Directory: /mnt/c/Users/Yael/OneDrive/שנה ג סמסטר א/תכנות מתקדם/project1/part1-progect1/build
"SumTest.BasicTest" start time: Jan 16 14:41 IST
Output:
----------------------------------------------------------
Note: Google Test filter = SumTest.BasicTest
[==========] Running 1 test from 1 test suite.
[----------] Global test environment set-up.
[----------] 1 test from SumTest
[ RUN      ] SumTest.BasicTest
/mnt/c/Users/Yael/OneDrive/שנה ג סמסטר א/תכנות מתקדם/project1/part1-progect1/tests/calc_test.cpp:5: Failure
Expected equality of these values:
  sum(1,2)
    Which is: -1
  3
[  FAILED  ] SumTest.BasicTest (2 ms)
[----------] 1 test from SumTest (2 ms total)

[----------] Global test environment tear-down
[==========] 1 test from 1 test suite ran. (2 ms total)
[  PASSED  ] 0 tests.
[  FAILED  ] 1 test, listed below:
[  FAILED  ] SumTest.BasicTest

 1 FAILED TEST
<end of output>
Test time =   0.05 sec
----------------------------------------------------------
Test Failed.
"SumTest.BasicTest" end time: Jan 16 14:41 IST
"SumTest.BasicTest" time elapsed: 00:00:00
----------------------------------------------------------

End testing: Jan 16 14:41 IST
